<?xml version="1.0" encoding="UTF-8"?>
<testsuite xmlns:xsi="http://www.w3.org/2001/XMLSchema-instance" xsi:noNamespaceSchemaLocation="https://maven.apache.org/surefire/maven-surefire-plugin/xsd/surefire-test-report-3.0.xsd" version="3.0" name="com.exercicios.triangulo.TrianguloTest" time="0.085" tests="11" errors="0" skipped="0" failures="0">
  <properties>
    <property name="java.specification.version" value="21"/>
    <property name="sun.cpu.isalist" value="amd64"/>
    <property name="sun.jnu.encoding" value="Cp1252"/>
    <property name="java.class.path" value="C:\Users\santo\OneDrive\Desktop\Cainan\Fatec\5°Sem\LabV\TDD-06.04\target\test-classes;C:\Users\santo\OneDrive\Desktop\Cainan\Fatec\5°Sem\LabV\TDD-06.04\target\classes;C:\Users\santo\.m2\repository\org\junit\jupiter\junit-jupiter-api\5.10.0\junit-jupiter-api-5.10.0.jar;C:\Users\santo\.m2\repository\org\opentest4j\opentest4j\1.3.0\opentest4j-1.3.0.jar;C:\Users\santo\.m2\repository\org\junit\platform\junit-platform-commons\1.10.0\junit-platform-commons-1.10.0.jar;C:\Users\santo\.m2\repository\org\apiguardian\apiguardian-api\1.1.2\apiguardian-api-1.1.2.jar;C:\Users\santo\.m2\repository\org\junit\jupiter\junit-jupiter-engine\5.10.0\junit-jupiter-engine-5.10.0.jar;C:\Users\santo\.m2\repository\org\junit\platform\junit-platform-engine\1.10.0\junit-platform-engine-1.10.0.jar;"/>
    <property name="java.vm.vendor" value="Oracle Corporation"/>
    <property name="sun.arch.data.model" value="64"/>
    <property name="user.variant" value=""/>
    <property name="java.vendor.url" value="https://java.oracle.com/"/>
    <property name="user.timezone" value="America/Sao_Paulo"/>
    <property name="os.name" value="Windows 10"/>
    <property name="java.vm.specification.version" value="21"/>
    <property name="sun.java.launcher" value="SUN_STANDARD"/>
    <property name="user.country" value="BR"/>
    <property name="sun.boot.library.path" value="C:\Program Files\Java\jdk-21\bin"/>
    <property name="sun.java.command" value="C:\Users\santo\AppData\Local\Temp\surefire1698043455909202146\surefirebooter-20250407220920979_3.jar C:\Users\santo\AppData\Local\Temp\surefire1698043455909202146 2025-04-07T22-09-20_737-jvmRun1 surefire-20250407220920979_1tmp surefire_0-20250407220920979_2tmp"/>
    <property name="jdk.debug" value="release"/>
    <property name="surefire.test.class.path" value="C:\Users\santo\OneDrive\Desktop\Cainan\Fatec\5°Sem\LabV\TDD-06.04\target\test-classes;C:\Users\santo\OneDrive\Desktop\Cainan\Fatec\5°Sem\LabV\TDD-06.04\target\classes;C:\Users\santo\.m2\repository\org\junit\jupiter\junit-jupiter-api\5.10.0\junit-jupiter-api-5.10.0.jar;C:\Users\santo\.m2\repository\org\opentest4j\opentest4j\1.3.0\opentest4j-1.3.0.jar;C:\Users\santo\.m2\repository\org\junit\platform\junit-platform-commons\1.10.0\junit-platform-commons-1.10.0.jar;C:\Users\santo\.m2\repository\org\apiguardian\apiguardian-api\1.1.2\apiguardian-api-1.1.2.jar;C:\Users\santo\.m2\repository\org\junit\jupiter\junit-jupiter-engine\5.10.0\junit-jupiter-engine-5.10.0.jar;C:\Users\santo\.m2\repository\org\junit\platform\junit-platform-engine\1.10.0\junit-platform-engine-1.10.0.jar;"/>
    <property name="sun.cpu.endian" value="little"/>
    <property name="user.home" value="C:\Users\santo"/>
    <property name="user.language" value="pt"/>
    <property name="java.specification.vendor" value="Oracle Corporation"/>
    <property name="java.version.date" value="2025-01-21"/>
    <property name="java.home" value="C:\Program Files\Java\jdk-21"/>
    <property name="file.separator" value="\"/>
    <property name="basedir" value="C:\Users\santo\OneDrive\Desktop\Cainan\Fatec\5°Sem\LabV\TDD-06.04"/>
    <property name="java.vm.compressedOopsMode" value="Zero based"/>
    <property name="line.separator" value="&#10;"/>
    <property name="java.vm.specification.vendor" value="Oracle Corporation"/>
    <property name="java.specification.name" value="Java Platform API Specification"/>
    <property name="surefire.real.class.path" value="C:\Users\santo\AppData\Local\Temp\surefire1698043455909202146\surefirebooter-20250407220920979_3.jar"/>
    <property name="user.script" value=""/>
    <property name="sun.management.compiler" value="HotSpot 64-Bit Tiered Compilers"/>
    <property name="java.runtime.version" value="21.0.6+8-LTS-188"/>
    <property name="user.name" value="santo"/>
    <property name="stdout.encoding" value="Cp1252"/>
    <property name="path.separator" value=";"/>
    <property name="os.version" value="10.0"/>
    <property name="java.runtime.name" value="Java(TM) SE Runtime Environment"/>
    <property name="file.encoding" value="UTF-8"/>
    <property name="java.vm.name" value="Java HotSpot(TM) 64-Bit Server VM"/>
    <property name="localRepository" value="C:\Users\santo\.m2\repository"/>
    <property name="java.vendor.url.bug" value="https://bugreport.java.com/bugreport/"/>
    <property name="java.io.tmpdir" value="C:\Users\santo\AppData\Local\Temp\"/>
    <property name="java.version" value="21.0.6"/>
    <property name="user.dir" value="C:\Users\santo\OneDrive\Desktop\Cainan\Fatec\5°Sem\LabV\TDD-06.04"/>
    <property name="os.arch" value="amd64"/>
    <property name="java.vm.specification.name" value="Java Virtual Machine Specification"/>
    <property name="sun.os.patch.level" value=""/>
    <property name="native.encoding" value="Cp1252"/>
    <property name="java.library.path" value="C:\Program Files\Java\jdk-21\bin;C:\Windows\Sun\Java\bin;C:\Windows\system32;C:\Windows;C:\Program Files\Common Files\Oracle\Java\javapath;C:\Program Files\sonar-scanner-7.0.2.4839-windows-x64\bin;C:\Program Files\Docker\Docker\resources\bin;C:\Program Files\Git\cmd;C:\Program Files\nodejs\;C:\Program Files\MySQL\MySQL Shell 8.0\bin\;C:\Users\santo\AppData\Local\Programs\Python\Launcher\;C:\Users\santo\AppData\Local\Microsoft\WindowsApps;C:\Users\santo\AppData\Local\Programs\Microsoft VS Code\bin;C:\Users\santo\AppData\Local\Microsoft\WinGet\Links;C:\Users\santo\AppData\Roaming\npm;C:\Program Files\Java\jdk-21\bin;C:\Program Files\apache-maven-3.9.9\bin;;c:\Users\santo\AppData\Roaming\Code\User\globalStorage\github.copilot-chat\debugCommand;."/>
    <property name="java.vm.info" value="mixed mode, sharing"/>
    <property name="stderr.encoding" value="Cp1252"/>
    <property name="java.vendor" value="Oracle Corporation"/>
    <property name="java.vm.version" value="21.0.6+8-LTS-188"/>
    <property name="sun.io.unicode.encoding" value="UnicodeLittle"/>
    <property name="java.class.version" value="65.0"/>
  </properties>
  <testcase name="testEquilatero" classname="com.exercicios.triangulo.TrianguloTest" time="0.003"/>
  <testcase name="testEscaleno" classname="com.exercicios.triangulo.TrianguloTest" time="0.006"/>
  <testcase name="testSomaIgual1" classname="com.exercicios.triangulo.TrianguloTest" time="0.002"/>
  <testcase name="testSomaIgual2" classname="com.exercicios.triangulo.TrianguloTest" time="0.015"/>
  <testcase name="testTodosZero" classname="com.exercicios.triangulo.TrianguloTest" time="0.003"/>
  <testcase name="testNaoTrianguloNegativo" classname="com.exercicios.triangulo.TrianguloTest" time="0.0"/>
  <testcase name="testSomaMenor" classname="com.exercicios.triangulo.TrianguloTest" time="0.0"/>
  <testcase name="testIsosceles1" classname="com.exercicios.triangulo.TrianguloTest" time="0.0"/>
  <testcase name="testIsosceles2" classname="com.exercicios.triangulo.TrianguloTest" time="0.0"/>
  <testcase name="testIsosceles3" classname="com.exercicios.triangulo.TrianguloTest" time="0.002"/>
  <testcase name="testNaoTrianguloZero" classname="com.exercicios.triangulo.TrianguloTest" time="0.002"/>
</testsuite>